生成启动时间为 2017/10/31 20:38:03。
     1>项目“F:\c语言\rec\rec\rec\rec.vcxproj”在节点 2 上(build 个目标)。
     1>InitializeBuildStatus:
         正在创建“Debug\rec.unsuccessfulbuild”，因为已指定“AlwaysCreate”。
       ClCompile:
         f:\VS2010\VC\bin\CL.exe /c /ZI /nologo /W3 /WX- /Od /Oy- /D WIN32 /D _DEBUG /D _CONSOLE /D _UNICODE /D UNICODE /Gm /EHsc /RTC1 /MDd /GS /fp:precise /Zc:wchar_t /Zc:forScope /Fo"Debug\\" /Fd"Debug\vc100.pdb" /Gd /TP /analyze- /errorReport:prompt ..\..\Prehelper.cpp ..\..\StatDir.cpp ..\..\detect.cpp
         Prehelper.cpp
     1>f:\c语言\rec\prehelper.cpp(54): warning C4018: “<”: 有符号/无符号不匹配
     1>f:\c语言\rec\prehelper.cpp(37): warning C4101: “i”: 未引用的局部变量
     1>f:\c语言\rec\prehelper.cpp(181): warning C4018: “<”: 有符号/无符号不匹配
     1>f:\c语言\rec\prehelper.cpp(238): warning C4018: “<”: 有符号/无符号不匹配
     1>f:\c语言\rec\prehelper.cpp(288): warning C4018: “<”: 有符号/无符号不匹配
         正在生成代码...
         正在跳过...(未检测到相关更改)
         detect.cpp
         StatDir.cpp
       ManifestResourceCompile:
         所有输出均为最新。
       Link:
         f:\VS2010\VC\bin\link.exe /ERRORREPORT:PROMPT /OUT:"F:\c语言\rec\rec\Debug\rec.exe" /INCREMENTAL /NOLOGO opencv_calib3d249d.lib opencv_contrib249d.lib opencv_core249d.lib opencv_features2d249d.lib opencv_flann249d.lib opencv_gpu249d.lib opencv_highgui249d.lib opencv_imgproc249d.lib opencv_legacy249d.lib opencv_ml249d.lib opencv_nonfree249d.lib opencv_objdetect249d.lib opencv_ocl249d.lib opencv_photo249d.lib opencv_stitching249d.lib opencv_superres249d.lib opencv_ts249d.lib opencv_video249d.lib opencv_videostab249d.lib kernel32.lib user32.lib gdi32.lib winspool.lib comdlg32.lib advapi32.lib shell32.lib ole32.lib oleaut32.lib uuid.lib odbc32.lib odbccp32.lib /MANIFEST /ManifestFile:"Debug\rec.exe.intermediate.manifest" /MANIFESTUAC:"level='asInvoker' uiAccess='false'" /DEBUG /PDB:"F:\c语言\rec\rec\Debug\rec.pdb" /SUBSYSTEM:CONSOLE /TLBID:1 /DYNAMICBASE /NXCOMPAT /IMPLIB:"F:\c语言\rec\rec\Debug\rec.lib" /MACHINE:X86 Debug\rec.exe.embed.manifest.res
         Debug\BrowseDir.obj
         Debug\detect.obj
         Debug\detection.obj
         Debug\Prehelper.obj
         Debug\recognize.obj
         Debug\StatDir.obj
       Manifest:
         C:\Program Files (x86)\Microsoft SDKs\Windows\v7.0A\bin\mt.exe /nologo /verbose /out:"Debug\rec.exe.embed.manifest" /manifest Debug\rec.exe.intermediate.manifest
         所有输出均为最新。
       LinkEmbedManifest:
         所有输出均为最新。
         rec.vcxproj -> F:\c语言\rec\rec\Debug\rec.exe
       FinalizeBuildStatus:
         正在删除文件“Debug\rec.unsuccessfulbuild”。
         正在对“Debug\rec.lastbuildstate”执行 Touch 任务。
     1>已完成生成项目“F:\c语言\rec\rec\rec\rec.vcxproj”(build 个目标)的操作。

生成成功。

已用时间 00:00:09.87
